1. fetched developer.github.com/v3/index.html
5. fetched developer.github.com/v3/activity/feeds/index.html
2. fetched developer.github.com/v3/activity/index.html
6. fetched developer.github.com/v3/activity/notifications/index.html
3. fetched developer.github.com/v3/activity/events/index.html
8. fetched developer.github.com/v3/activity/watching/index.html
9. fetched developer.github.com/v3/apps/index.html
11. fetched developer.github.com/v3/apps/installations/index.html
13. fetched developer.github.com/v3/apps/permissions/index.html
10. fetched developer.github.com/v3/apps/available-endpoints/index.html
12. fetched developer.github.com/v3/apps/marketplace/index.html
15. fetched developer.github.com/v3/codes_of_conduct/index.html
14. fetched developer.github.com/v3/auth/index.html
16. fetched developer.github.com/v3/emojis/index.html
7. fetched developer.github.com/v3/activity/starring/index.html
19. fetched developer.github.com/v3/git/index.html
4. fetched developer.github.com/v3/activity/events/types/index.html
17. fetched developer.github.com/v3/gists/index.html
18. fetched developer.github.com/v3/gists/comments/index.html
20. fetched developer.github.com/v3/git/blobs/index.html
22. fetched developer.github.com/v3/git/refs/index.html
21. fetched developer.github.com/v3/git/commits/index.html
26. fetched developer.github.com/v3/guides/index.html
25. fetched developer.github.com/v3/gitignore/index.html
23. fetched developer.github.com/v3/git/tags/index.html
24. fetched developer.github.com/v3/git/trees/index.html
29. fetched developer.github.com/v3/issues/comments/index.html
28. fetched developer.github.com/v3/issues/assignees/index.html
27. fetched developer.github.com/v3/issues/index.html
32. fetched developer.github.com/v3/issues/milestones/index.html
31. fetched developer.github.com/v3/issues/labels/index.html
30. fetched developer.github.com/v3/issues/events/index.html
34. fetched developer.github.com/v3/libraries/index.html
39. fetched developer.github.com/v3/migration/index.html
37. fetched developer.github.com/v3/media/index.html
36. fetched developer.github.com/v3/markdown/index.html
38. fetched developer.github.com/v3/meta/index.html
33. fetched developer.github.com/v3/issues/timeline/index.html
35. fetched developer.github.com/v3/licenses/index.html
45. fetched developer.github.com/v3/orgs/blocking/index.html
44. fetched developer.github.com/v3/orgs/index.html
42. fetched developer.github.com/v3/misc/index.html
46. fetched developer.github.com/v3/orgs/hooks/index.html
43. fetched developer.github.com/v3/oauth_authorizations/index.html
40. fetched developer.github.com/v3/migration/migrations/index.html
41. fetched developer.github.com/v3/migration/source_imports/index.html
48. fetched developer.github.com/v3/orgs/outside_collaborators/index.html
49. fetched developer.github.com/v3/pre-release/index.html
52. fetched developer.github.com/v3/projects/cards/index.html
50. fetched developer.github.com/v3/previews/index.html
53. fetched developer.github.com/v3/projects/collaborators/index.html
51. fetched developer.github.com/v3/projects/index.html
47. fetched developer.github.com/v3/orgs/members/index.html
59. fetched developer.github.com/v3/rate_limit/index.html
54. fetched developer.github.com/v3/projects/columns/index.html
58. fetched developer.github.com/v3/pulls/reviews/index.html
56. fetched developer.github.com/v3/pulls/comments/index.html
57. fetched developer.github.com/v3/pulls/review_requests/index.html
63. fetched developer.github.com/v3/repos/collaborators/index.html
55. fetched developer.github.com/v3/pulls/index.html
60. fetched developer.github.com/v3/reactions/index.html
62. fetched developer.github.com/v3/repos/branches/index.html
66. fetched developer.github.com/v3/repos/community/index.html
65. fetched developer.github.com/v3/repos/commits/index.html
67. fetched developer.github.com/v3/repos/contents/index.html
61. fetched developer.github.com/v3/repos/index.html
69. fetched developer.github.com/v3/repos/downloads/index.html
71. fetched developer.github.com/v3/repos/hooks/index.html
68. fetched developer.github.com/v3/repos/deployments/index.html
72. fetched developer.github.com/v3/repos/invitations/index.html
74. fetched developer.github.com/v3/repos/merging/index.html
73. fetched developer.github.com/v3/repos/keys/index.html
64. fetched developer.github.com/v3/repos/comments/index.html
75. fetched developer.github.com/v3/repos/pages/index.html
76. fetched developer.github.com/v3/repos/releases/index.html
77. fetched developer.github.com/v3/repos/statistics/index.html
70. fetched developer.github.com/v3/repos/forks/index.html
80. fetched developer.github.com/v3/scim/index.html
79. fetched developer.github.com/v3/repos/traffic/index.html
82. fetched developer.github.com/v3/search/legacy/index.html
84. fetched developer.github.com/v3/teams/discussion_comments/index.html
78. fetched developer.github.com/v3/repos/statuses/index.html
81. fetched developer.github.com/v3/search/index.html
83. fetched developer.github.com/v3/teams/index.html
85. fetched developer.github.com/v3/teams/discussions/index.html
86. fetched developer.github.com/v3/teams/members/index.html
91. fetched developer.github.com/v3/users/followers/index.html
90. fetched developer.github.com/v3/users/emails/index.html
87. fetched developer.github.com/v3/troubleshooting/index.html
88. fetched developer.github.com/v3/users/index.html
89. fetched developer.github.com/v3/users/blocking/index.html
94. fetched developer.github.com/v3/versions/index.html
93. fetched developer.github.com/v3/users/keys/index.html
92. fetched developer.github.com/v3/users/gpg_keys/index.html
