2018-02-17 16:28:42 URL:https://developer.github.com/v3/index.html [81790/81790] -> "developer.github.com/v3/index.html" [1]
2018-02-17 16:28:42 URL:https://developer.github.com/robots.txt [37/37] -> "developer.github.com/robots.txt" [1]
2018-02-17 16:28:49 URL:https://developer.github.com/v3/guides/ [10364/10364] -> "developer.github.com/v3/guides/index.html" [1]
2018-02-17 16:28:49 URL:https://developer.github.com/v3/libraries/ [11743/11743] -> "developer.github.com/v3/libraries/index.html" [1]
2018-02-17 16:28:55 URL:http://developer.github.com/v3/versions/ [33757/33757] -> "developer.github.com/v3/versions" [1]
2018-02-17 16:29:06 URL:https://developer.github.com/v3/media/ [41024/41024] -> "developer.github.com/v3/media/index.html" [1]
2018-02-17 16:29:07 URL:https://developer.github.com/v3/oauth_authorizations/ [98925/98925] -> "developer.github.com/v3/oauth_authorizations/index.html" [1]
2018-02-17 16:29:54 URL:http://developer.github.com/v3/users/ [70966/70966] -> "developer.github.com/v3/users.1" [1]
2018-02-17 16:30:24 URL:https://developer.github.com/v3/activity/events/ [44232/44232] -> "developer.github.com/v3/activity/events/index.html" [1]
2018-02-17 16:30:37 URL:https://developer.github.com/v3/search/ [171054/171054] -> "developer.github.com/v3/search/index.html" [1]
2018-02-17 16:30:39 URL:http://developer.github.com/v3/rate_limit/ [37245/37245] -> "developer.github.com/v3/rate_limit" [1]
2018-02-17 16:30:47 URL:http://developer.github.com/v3/git/commits/ [57908/57908] -> "developer.github.com/v3/git/commits" [1]
2018-02-17 16:30:57 URL:https://developer.github.com/v3/git/commits/ [57908/57908] -> "developer.github.com/v3/git/commits/index.html" [1]
2018-02-17 16:31:01 URL:https://developer.github.com/v3/repos/contents/ [93422/93422] -> "developer.github.com/v3/repos/contents/index.html" [1]
2018-02-17 16:31:02 URL:https://developer.github.com/v3/auth/ [39220/39220] -> "developer.github.com/v3/auth/index.html" [1]
2018-02-17 16:31:03 URL:https://developer.github.com/v3/troubleshooting/ [35077/35077] -> "developer.github.com/v3/troubleshooting/index.html" [1]
2018-02-17 16:31:29 URL:https://developer.github.com/v3/pre-release/ [36279/36279] -> "developer.github.com/v3/pre-release/index.html" [1]
2018-02-17 16:31:29 URL:https://developer.github.com/v3/previews/ [45498/45498] -> "developer.github.com/v3/previews/index.html" [1]
2018-02-17 16:31:30 URL:https://developer.github.com/v3/versions/ [33757/33757] -> "developer.github.com/v3/versions/index.html" [1]
2018-02-17 16:31:30 URL:https://developer.github.com/v3/activity/ [34683/34683] -> "developer.github.com/v3/activity/index.html" [1]
2018-02-17 16:31:35 URL:https://developer.github.com/v3/activity/events/types/ [1035372/1035372] -> "developer.github.com/v3/activity/events/types/index.html" [1]
2018-02-17 16:31:35 URL:https://developer.github.com/v3/activity/feeds/ [40099/40099] -> "developer.github.com/v3/activity/feeds/index.html" [1]
2018-02-17 16:31:36 URL:https://developer.github.com/v3/activity/notifications/ [72072/72072] -> "developer.github.com/v3/activity/notifications/index.html" [1]
2018-02-17 16:31:37 URL:https://developer.github.com/v3/activity/starring/ [86282/86282] -> "developer.github.com/v3/activity/starring/index.html" [1]
2018-02-17 16:31:37 URL:https://developer.github.com/v3/activity/watching/ [68100/68100] -> "developer.github.com/v3/activity/watching/index.html" [1]
2018-02-17 16:31:39 URL:https://developer.github.com/v3/gists/ [163918/163918] -> "developer.github.com/v3/gists/index.html" [1]
2018-02-17 16:31:40 URL:https://developer.github.com/v3/gists/comments/ [56331/56331] -> "developer.github.com/v3/gists/comments/index.html" [1]
2018-02-17 16:31:41 URL:https://developer.github.com/v3/git/ [34526/34526] -> "developer.github.com/v3/git/index.html" [1]
2018-02-17 16:31:42 URL:https://developer.github.com/v3/git/blobs/ [38774/38774] -> "developer.github.com/v3/git/blobs/index.html" [1]
2018-02-17 16:31:45 URL:https://developer.github.com/v3/git/refs/ [52615/52615] -> "developer.github.com/v3/git/refs/index.html" [1]
2018-02-17 16:31:47 URL:https://developer.github.com/v3/git/tags/ [52367/52367] -> "developer.github.com/v3/git/tags/index.html" [1]
2018-02-17 16:31:47 URL:https://developer.github.com/v3/git/trees/ [47263/47263] -> "developer.github.com/v3/git/trees/index.html" [1]
2018-02-17 16:31:48 URL:https://developer.github.com/v3/apps/ [68991/68991] -> "developer.github.com/v3/apps/index.html" [1]
2018-02-17 16:31:50 URL:https://developer.github.com/v3/apps/installations/ [75520/75520] -> "developer.github.com/v3/apps/installations/index.html" [1]
2018-02-17 16:31:51 URL:https://developer.github.com/v3/apps/marketplace/ [57772/57772] -> "developer.github.com/v3/apps/marketplace/index.html" [1]
2018-02-17 16:31:51 URL:https://developer.github.com/v3/apps/permissions/ [78631/78631] -> "developer.github.com/v3/apps/permissions/index.html" [1]
2018-02-17 16:31:52 URL:https://developer.github.com/v3/apps/available-endpoints/ [58483/58483] -> "developer.github.com/v3/apps/available-endpoints/index.html" [1]
2018-02-17 16:31:53 URL:https://developer.github.com/v3/issues/ [205625/205625] -> "developer.github.com/v3/issues/index.html" [1]
2018-02-17 16:31:54 URL:https://developer.github.com/v3/issues/assignees/ [94005/94005] -> "developer.github.com/v3/issues/assignees/index.html" [1]
2018-02-17 16:31:55 URL:https://developer.github.com/v3/issues/comments/ [73606/73606] -> "developer.github.com/v3/issues/comments/index.html" [1]
2018-02-17 16:31:58 URL:https://developer.github.com/v3/issues/events/ [102306/102306] -> "developer.github.com/v3/issues/events/index.html" [1]
2018-02-17 16:32:00 URL:https://developer.github.com/v3/issues/labels/ [55649/55649] -> "developer.github.com/v3/issues/labels/index.html" [1]
2018-02-17 16:32:02 URL:https://developer.github.com/v3/issues/milestones/ [66651/66651] -> "developer.github.com/v3/issues/milestones/index.html" [1]
2018-02-17 16:32:02 URL:https://developer.github.com/v3/issues/timeline/ [44699/44699] -> "developer.github.com/v3/issues/timeline/index.html" [1]
2018-02-17 16:32:04 URL:https://developer.github.com/v3/migration/ [33455/33455] -> "developer.github.com/v3/migration/index.html" [1]
2018-02-17 16:32:10 URL:https://developer.github.com/v3/migration/migrations/ [102607/102607] -> "developer.github.com/v3/migration/migrations/index.html" [1]
2018-02-17 16:32:10 URL:https://developer.github.com/v3/migration/source_imports/ [88593/88593] -> "developer.github.com/v3/migration/source_imports/index.html" [1]
2018-02-17 16:32:11 URL:https://developer.github.com/v3/misc/ [35055/35055] -> "developer.github.com/v3/misc/index.html" [1]
2018-02-17 16:32:12 URL:https://developer.github.com/v3/codes_of_conduct/ [64322/64322] -> "developer.github.com/v3/codes_of_conduct/index.html" [1]
2018-02-17 16:32:13 URL:https://developer.github.com/v3/emojis/ [34659/34659] -> "developer.github.com/v3/emojis/index.html" [1]
2018-02-17 16:32:14 URL:https://developer.github.com/v3/gitignore/ [36090/36090] -> "developer.github.com/v3/gitignore/index.html" [1]
2018-02-17 16:32:15 URL:https://developer.github.com/v3/licenses/ [53087/53087] -> "developer.github.com/v3/licenses/index.html" [1]
2018-02-17 16:32:15 URL:https://developer.github.com/v3/markdown/ [37901/37901] -> "developer.github.com/v3/markdown/index.html" [1]
2018-02-17 16:32:16 URL:https://developer.github.com/v3/meta/ [36500/36500] -> "developer.github.com/v3/meta/index.html" [1]
2018-02-17 16:32:16 URL:https://developer.github.com/v3/rate_limit/ [37245/37245] -> "developer.github.com/v3/rate_limit/index.html" [1]
2018-02-17 16:32:17 URL:https://developer.github.com/v3/orgs/ [63240/63240] -> "developer.github.com/v3/orgs/index.html" [1]
2018-02-17 16:32:19 URL:https://developer.github.com/v3/orgs/members/ [135128/135128] -> "developer.github.com/v3/orgs/members/index.html" [1]
2018-02-17 16:32:20 URL:https://developer.github.com/v3/orgs/outside_collaborators/ [43076/43076] -> "developer.github.com/v3/orgs/outside_collaborators/index.html" [1]
2018-02-17 16:32:20 URL:https://developer.github.com/v3/orgs/hooks/ [54240/54240] -> "developer.github.com/v3/orgs/hooks/index.html" [1]
2018-02-17 16:32:20 URL:https://developer.github.com/v3/orgs/blocking/ [39857/39857] -> "developer.github.com/v3/orgs/blocking/index.html" [1]
2018-02-17 16:32:21 URL:https://developer.github.com/v3/orgs/pre_receive_hooks/ [42605/42605] -> "developer.github.com/v3/orgs/pre_receive_hooks/index.html" [1]
2018-02-17 16:32:22 URL:https://developer.github.com/v3/projects/ [85560/85560] -> "developer.github.com/v3/projects/index.html" [1]
2018-02-17 16:32:22 URL:https://developer.github.com/v3/projects/cards/ [60130/60130] -> "developer.github.com/v3/projects/cards/index.html" [1]
2018-02-17 16:32:24 URL:https://developer.github.com/v3/projects/columns/ [44686/44686] -> "developer.github.com/v3/projects/columns/index.html" [1]
2018-02-17 16:32:25 URL:https://developer.github.com/v3/pulls/ [352006/352006] -> "developer.github.com/v3/pulls/index.html" [1]
2018-02-17 16:32:26 URL:https://developer.github.com/v3/pulls/reviews/ [87133/87133] -> "developer.github.com/v3/pulls/reviews/index.html" [1]
2018-02-17 16:32:27 URL:https://developer.github.com/v3/pulls/comments/ [92007/92007] -> "developer.github.com/v3/pulls/comments/index.html" [1]
2018-02-17 16:32:33 URL:https://developer.github.com/v3/pulls/review_requests/ [125570/125570] -> "developer.github.com/v3/pulls/review_requests/index.html" [1]
2018-02-17 16:32:34 URL:https://developer.github.com/v3/reactions/ [81758/81758] -> "developer.github.com/v3/reactions/index.html" [1]
2018-02-17 16:32:35 URL:https://developer.github.com/v3/repos/ [262178/262178] -> "developer.github.com/v3/repos/index.html" [1]
2018-02-17 16:32:36 URL:https://developer.github.com/v3/repos/branches/ [166949/166949] -> "developer.github.com/v3/repos/branches/index.html" [1]
2018-02-17 16:32:37 URL:https://developer.github.com/v3/repos/collaborators/ [77272/77272] -> "developer.github.com/v3/repos/collaborators/index.html" [1]
2018-02-17 16:32:38 URL:https://developer.github.com/v3/repos/comments/ [75788/75788] -> "developer.github.com/v3/repos/comments/index.html" [1]
2018-02-17 16:32:39 URL:https://developer.github.com/v3/repos/community/ [39595/39595] -> "developer.github.com/v3/repos/community/index.html" [1]
2018-02-17 16:32:40 URL:https://developer.github.com/v3/repos/commits/ [124956/124956] -> "developer.github.com/v3/repos/commits/index.html" [1]
2018-02-17 16:32:40 URL:https://developer.github.com/v3/repos/keys/ [41888/41888] -> "developer.github.com/v3/repos/keys/index.html" [1]
2018-02-17 16:32:40 URL:https://developer.github.com/v3/repos/deployments/ [102351/102351] -> "developer.github.com/v3/repos/deployments/index.html" [1]
2018-02-17 16:32:41 URL:https://developer.github.com/v3/repos/downloads/ [38596/38596] -> "developer.github.com/v3/repos/downloads/index.html" [1]
2018-02-17 16:32:42 URL:https://developer.github.com/v3/repos/forks/ [74169/74169] -> "developer.github.com/v3/repos/forks/index.html" [1]
2018-02-17 16:32:42 URL:https://developer.github.com/v3/repos/invitations/ [120822/120822] -> "developer.github.com/v3/repos/invitations/index.html" [1]
2018-02-17 16:32:42 URL:https://developer.github.com/v3/repos/merging/ [50401/50401] -> "developer.github.com/v3/repos/merging/index.html" [1]
2018-02-17 16:32:43 URL:https://developer.github.com/v3/repos/pages/ [56410/56410] -> "developer.github.com/v3/repos/pages/index.html" [1]
2018-02-17 16:32:43 URL:https://developer.github.com/v3/repos/releases/ [144188/144188] -> "developer.github.com/v3/repos/releases/index.html" [1]
2018-02-17 16:32:44 URL:https://developer.github.com/v3/repos/statistics/ [56734/56734] -> "developer.github.com/v3/repos/statistics/index.html" [1]
2018-02-17 16:32:46 URL:https://developer.github.com/v3/repos/statuses/ [62234/62234] -> "developer.github.com/v3/repos/statuses/index.html" [1]
2018-02-17 16:32:47 URL:https://developer.github.com/v3/repos/traffic/ [65749/65749] -> "developer.github.com/v3/repos/traffic/index.html" [1]
2018-02-17 16:32:47 URL:https://developer.github.com/v3/repos/hooks/ [60218/60218] -> "developer.github.com/v3/repos/hooks/index.html" [1]
2018-02-17 16:32:48 URL:https://developer.github.com/v3/repos/pre_receive_hooks/ [41888/41888] -> "developer.github.com/v3/repos/pre_receive_hooks/index.html" [1]
2018-02-17 16:32:48 URL:https://developer.github.com/v3/search/legacy/ [51604/51604] -> "developer.github.com/v3/search/legacy/index.html" [1]
2018-02-17 16:32:49 URL:https://developer.github.com/v3/teams/ [124659/124659] -> "developer.github.com/v3/teams/index.html" [1]
2018-02-17 16:32:50 URL:https://developer.github.com/v3/teams/discussions/ [70067/70067] -> "developer.github.com/v3/teams/discussions/index.html" [1]
2018-02-17 16:32:55 URL:https://developer.github.com/v3/teams/discussion_comments/ [65564/65564] -> "developer.github.com/v3/teams/discussion_comments/index.html" [1]
2018-02-17 16:32:55 URL:https://developer.github.com/v3/teams/members/ [65182/65182] -> "developer.github.com/v3/teams/members/index.html" [1]
2018-02-17 16:32:56 URL:https://developer.github.com/v3/scim/ [57881/57881] -> "developer.github.com/v3/scim/index.html" [1]
2018-02-17 16:32:56 URL:https://developer.github.com/v3/users/ [70966/70966] -> "developer.github.com/v3/users/index.html" [1]
2018-02-17 16:32:57 URL:https://developer.github.com/v3/users/emails/ [41468/41468] -> "developer.github.com/v3/users/emails/index.html" [1]
2018-02-17 16:32:57 URL:https://developer.github.com/v3/users/followers/ [45456/45456] -> "developer.github.com/v3/users/followers/index.html" [1]
2018-02-17 16:32:58 URL:https://developer.github.com/v3/users/keys/ [42900/42900] -> "developer.github.com/v3/users/keys/index.html" [1]
2018-02-17 16:32:59 URL:https://developer.github.com/v3/users/gpg_keys/ [57307/57307] -> "developer.github.com/v3/users/gpg_keys/index.html" [1]
2018-02-17 16:33:00 URL:https://developer.github.com/v3/users/administration/ [37061/37061] -> "developer.github.com/v3/users/administration/index.html" [1]
2018-02-17 16:33:01 URL:https://developer.github.com/v3/users/blocking/ [39495/39495] -> "developer.github.com/v3/users/blocking/index.html" [1]
2018-02-17 16:33:02 URL:https://developer.github.com/v3/enterprise/ [35867/35867] -> "developer.github.com/v3/enterprise/index.html" [1]
2018-02-17 16:33:02 URL:https://developer.github.com/v3/enterprise-admin/admin_stats/ [42532/42532] -> "developer.github.com/v3/enterprise-admin/admin_stats/index.html" [1]
2018-02-17 16:33:05 URL:https://developer.github.com/v3/enterprise-admin/global_webhooks/ [61176/61176] -> "developer.github.com/v3/enterprise-admin/global_webhooks/index.html" [1]
2018-02-17 16:33:06 URL:https://developer.github.com/v3/enterprise-admin/ldap/ [44864/44864] -> "developer.github.com/v3/enterprise-admin/ldap/index.html" [1]
2018-02-17 16:33:06 URL:https://developer.github.com/v3/enterprise-admin/license/ [34987/34987] -> "developer.github.com/v3/enterprise-admin/license/index.html" [1]
2018-02-17 16:33:08 URL:https://developer.github.com/v3/enterprise-admin/management_console/ [81728/81728] -> "developer.github.com/v3/enterprise-admin/management_console/index.html" [1]
2018-02-17 16:33:08 URL:https://developer.github.com/v3/enterprise-admin/orgs/ [39578/39578] -> "developer.github.com/v3/enterprise-admin/orgs/index.html" [1]
2018-02-17 16:33:10 URL:https://developer.github.com/v3/enterprise-admin/pre_receive_environments/ [62642/62642] -> "developer.github.com/v3/enterprise-admin/pre_receive_environments/index.html" [1]
2018-02-17 16:33:11 URL:https://developer.github.com/v3/enterprise-admin/pre_receive_hooks/ [59829/59829] -> "developer.github.com/v3/enterprise-admin/pre_receive_hooks/index.html" [1]
2018-02-17 16:33:12 URL:https://developer.github.com/v3/enterprise-admin/search_indexing/ [35855/35855] -> "developer.github.com/v3/enterprise-admin/search_indexing/index.html" [1]
FINISHED --2018-02-17 16:33:12--
Total wall clock time: 4m 47s
Downloaded: 111 files, 8.2M in 1m 58s (70.6 KB/s)
